Determining if the pthread_create exist failed with the following output:
Change Dir: /home/badboy/catkin_ws3/build/CMakeFiles/CMakeTmp

Run Build Command:"/usr/bin/make" "cmTC_4d34e/fast"
/usr/bin/make -f CMakeFiles/cmTC_4d34e.dir/build.make CMakeFiles/cmTC_4d34e.dir/build
make[1]: 进入目录“/home/badboy/catkin_ws3/build/CMakeFiles/CMakeTmp”
Building C object CMakeFiles/cmTC_4d34e.dir/CheckSymbolExists.c.o
/usr/bin/cc    -o CMakeFiles/cmTC_4d34e.dir/CheckSymbolExists.c.o   -c /home/badboy/catkin_ws3/build/CMakeFiles/CMakeTmp/CheckSymbolExists.c
Linking C executable cmTC_4d34e
/usr/bin/cmake -E cmake_link_script CMakeFiles/cmTC_4d34e.dir/link.txt --verbose=1
/usr/bin/cc      -rdynamic CMakeFiles/cmTC_4d34e.dir/CheckSymbolExists.c.o  -o cmTC_4d34e 
CMakeFiles/cmTC_4d34e.dir/CheckSymbolExists.c.o：在函数‘main’中：
CheckSymbolExists.c:(.text+0x1b)：对‘pthread_create’未定义的引用
collect2: error: ld returned 1 exit status
CMakeFiles/cmTC_4d34e.dir/build.make:97: recipe for target 'cmTC_4d34e' failed
make[1]: *** [cmTC_4d34e] Error 1
make[1]: 离开目录“/home/badboy/catkin_ws3/build/CMakeFiles/CMakeTmp”
Makefile:126: recipe for target 'cmTC_4d34e/fast' failed
make: *** [cmTC_4d34e/fast] Error 2

File /home/badboy/catkin_ws3/build/CMakeFiles/CMakeTmp/CheckSymbolExists.c:
/* */
#include <pthread.h>

int main(int argc, char** argv)
{
  (void)argv;
#ifndef pthread_create
  return ((int*)(&pthread_create))[argc];
#else
  (void)argc;
  return 0;
#endif
}

Determining if the function pthread_create exists in the pthreads failed with the following output:
Change Dir: /home/badboy/catkin_ws3/build/CMakeFiles/CMakeTmp

Run Build Command:"/usr/bin/make" "cmTC_5e41a/fast"
/usr/bin/make -f CMakeFiles/cmTC_5e41a.dir/build.make CMakeFiles/cmTC_5e41a.dir/build
make[1]: 进入目录“/home/badboy/catkin_ws3/build/CMakeFiles/CMakeTmp”
Building C object CMakeFiles/cmTC_5e41a.dir/CheckFunctionExists.c.o
/usr/bin/cc   -DCHECK_FUNCTION_EXISTS=pthread_create   -o CMakeFiles/cmTC_5e41a.dir/CheckFunctionExists.c.o   -c /usr/share/cmake-3.10/Modules/CheckFunctionExists.c
Linking C executable cmTC_5e41a
/usr/bin/cmake -E cmake_link_script CMakeFiles/cmTC_5e41a.dir/link.txt --verbose=1
/usr/bin/cc  -DCHECK_FUNCTION_EXISTS=pthread_create    -rdynamic CMakeFiles/cmTC_5e41a.dir/CheckFunctionExists.c.o  -o cmTC_5e41a -lpthreads 
/usr/bin/ld: 找不到 -lpthreads
collect2: error: ld returned 1 exit status
CMakeFiles/cmTC_5e41a.dir/build.make:97: recipe for target 'cmTC_5e41a' failed
make[1]: *** [cmTC_5e41a] Error 1
make[1]: 离开目录“/home/badboy/catkin_ws3/build/CMakeFiles/CMakeTmp”
Makefile:126: recipe for target 'cmTC_5e41a/fast' failed
make: *** [cmTC_5e41a/fast] Error 2


